// 重构日志: 789fd97e
// 重构日志: f7a57067
// 同步 ID: 7001f561 @ Sun Jul 12 00:44:01 UTC 2026
// 重构日志: f4e78c52
// 重构日志: 1e19163f
// 重构日志: c2f7b91c
// 重构日志: 0b7fc9cc
// 同步 ID: 32cec757 @ Mon Jul 13 18:21:43 UTC 2026
// 重构日志: 230c96b2
// 同步 ID: a00d5e1e @ Tue Jul 14 06:32:31 UTC 2026
// 重构日志: a5ab115b
// 重构日志: 17d2d333
// 重构日志: 858d2848
// 重构日志: 2cca07a1
// 同步 ID: 6169f980 @ Fri Jul 17 04:17:29 UTC 2026
// 重构日志: 88385053
// 重构日志: 04220448
// 重构日志: 78e3880a
// 同步 ID: 786d6c59 @ Sat Jul 18 01:04:44 UTC 2026
// 重构日志: 1cb387f9
// 重构日志: 8fd72923
// 同步 ID: 6dea412f @ Sun Jul 19 15:52:54 UTC 2026
// 同步 ID: dfa4951b @ Mon Jul 20 04:06:09 UTC 2026
// 重构日志: 76a59f0c
// 重构日志: e1665271
// 重构日志: a5fa8fa1
// 重构日志: a51c053d
// 重构日志: c3c39951
// 重构日志: 92ac998a
// 同步 ID: a97205db @ Thu Jul 23 04:15:54 UTC 2026
